[21:32:53] [Server thread/INFO]: Starting minecraft server version 1.8.9
[21:32:54] [Server thread/WARN]: To start the server with more ram, launch it as "java -Xmx1024M -Xms1024M -jar minecraft_server.jar"
[21:32:54] [Server console handler/ERROR]: Exception handling console input
java.io.IOException: Descripteur non valide
	at java.io.FileInputStream.readBytes(Native Method) ~[?:1.8.0_151]
	at java.io.FileInputStream.read(Unknown Source) ~[?:1.8.0_151]
	at java.io.BufferedInputStream.read1(Unknown Source) ~[?:1.8.0_151]
	at java.io.BufferedInputStream.read(Unknown Source) ~[?:1.8.0_151]
	at sun.nio.cs.StreamDecoder.readBytes(Unknown Source) ~[?:1.8.0_151]
	at sun.nio.cs.StreamDecoder.implRead(Unknown Source) ~[?:1.8.0_151]
	at sun.nio.cs.StreamDecoder.read(Unknown Source) ~[?:1.8.0_151]
	at java.io.InputStreamReader.read(Unknown Source) ~[?:1.8.0_151]
	at java.io.BufferedReader.fill(Unknown Source) ~[?:1.8.0_151]
	at java.io.BufferedReader.readLine(Unknown Source) ~[?:1.8.0_151]
	at java.io.BufferedReader.readLine(Unknown Source) ~[?:1.8.0_151]
	at net.minecraft.server.dedicated.DedicatedServer$2.run(DedicatedServer.java:92) [ko$2.class:?]
[21:32:56] [Server thread/INFO]: Loading properties
[21:32:56] [Server thread/INFO]: Default game type: SURVIVAL
[21:32:56] [Server thread/INFO]: Generating keypair
[21:32:56] [Server thread/INFO]: Starting Minecraft server on *:25565
[21:32:56] [Server thread/INFO]: Using default channel type
[21:32:57] [Server thread/INFO]: Preparing level "world"
[21:32:57] [Server thread/INFO]: Preparing start region for level 0
[21:32:58] [Server thread/INFO]: Preparing spawn area: 55%
[21:32:59] [Server thread/INFO]: Done (1,969s)! For help, type "help" or "?"
[21:34:18] [Server thread/INFO]: Stopping server
[21:34:18] [Server thread/INFO]: Saving players
[21:34:18] [Server thread/INFO]: Saving worlds
[21:34:18] [Server thread/INFO]: Saving chunks for level 'world'/Overworld
[21:34:18] [Server thread/INFO]: Saving chunks for level 'world'/Nether
[21:34:18] [Server thread/INFO]: Saving chunks for level 'world'/The End
